<?xml version='1.0' encoding='UTF-8' ?>
<testsuites tests="2" failures="0" errors="0" skipped="0" time="1.653" timestamp="2026-06-27T15:15:01" hostname="localhost">
  <testsuite name="com.olivierbda.omnivigie.DatabaseTest" tests="2" failures="0" errors="0" skipped="0" time="0.078" timestamp="2026-06-27T15:15:01" hostname="localhost">
    <properties>
      <property name="device" value="Pixel_10_Pro_virtual(AVD) - 17" />
      <property name="flavor" value="" />
      <property name="project" value=":app" />
    </properties>
    <testcase name="writeEmailAndReadInList" classname="com.olivierbda.omnivigie.DatabaseTest" time="0.07" />
    <testcase name="writeArticleAndReadInList" classname="com.olivierbda.omnivigie.DatabaseTest" time="0.008" />
  </testsuite>
</testsuites>